<?xml version="1.0" encoding="UTF-8"?>
<!-- Generated by org.testng.reporters.JUnitXMLReporter -->
<testsuite ignored="0" hostname="Tariefs-Air.fios-router.home" failures="1" tests="1" name="email" time="0.244" errors="0" timestamp="2020-08-06T21:00:55 EDT">
  <testcase classname="test.gmailTest" name="gmailrun" time="0.186">
    <failure type="java.lang.AssertionError" message="Chrome Browser failed to open">
      <![CDATA[java.lang.AssertionError: Chrome Browser failed to open
at pages.homePage.OpenBrowser(homePage.java:31)
at test.gmailTest.gmailrun(gmailTest.java:15)
at java.base/java.util.ArrayList.forEach(ArrayList.java:1540)
... Removed 28 stack frames]]>
    </failure>
  </testcase> <!-- gmailrun -->
</testsuite> <!-- email -->
